Added Component: Designator=继电器1(继电器)
Added Component: Designator=继电器2(继电器)
Added Component: Designator=继电器3(继电器)
Added Component: Designator=继电器4(继电器)
Added Component: Designator=继电器5(继电器)
Added Component: Designator=继电器6(继电器)
Added Component: Designator=继电器7(继电器)
Added Component: Designator=继电器8(继电器)
Added Pin To Net: NetName=12V Pin=继电器1-1
Added Pin To Net: NetName=NetF1_1 Pin=继电器1-3
Added Pin To Net: NetName=NetD2_1 Pin=继电器1-4
Added Pin To Net: NetName=NetD2_2 Pin=继电器1-5
Added Pin To Net: NetName=12V Pin=继电器2-1
Added Pin To Net: NetName=NetF5_1 Pin=继电器2-3
Added Pin To Net: NetName=NetD6_1 Pin=继电器2-4
Added Pin To Net: NetName=NetD6_2 Pin=继电器2-5
Added Pin To Net: NetName=12V Pin=继电器3-1
Added Pin To Net: NetName=NetF2_1 Pin=继电器3-3
Added Pin To Net: NetName=NetD3_1 Pin=继电器3-4
Added Pin To Net: NetName=NetD3_2 Pin=继电器3-5
Added Pin To Net: NetName=12V Pin=继电器4-1
Added Pin To Net: NetName=NetF6_1 Pin=继电器4-3
Added Pin To Net: NetName=NetD7_1 Pin=继电器4-4
Added Pin To Net: NetName=NetD7_2 Pin=继电器4-5
Added Pin To Net: NetName=12V Pin=继电器5-1
Added Pin To Net: NetName=NetF3_1 Pin=继电器5-3
Added Pin To Net: NetName=NetD4_1 Pin=继电器5-4
Added Pin To Net: NetName=NetD4_2 Pin=继电器5-5
Added Pin To Net: NetName=12V Pin=继电器6-1
Added Pin To Net: NetName=NetF7_1 Pin=继电器6-3
Added Pin To Net: NetName=NetD8_1 Pin=继电器6-4
Added Pin To Net: NetName=NetD8_2 Pin=继电器6-5
Added Pin To Net: NetName=12V Pin=继电器7-1
Added Pin To Net: NetName=NetF4_1 Pin=继电器7-3
Added Pin To Net: NetName=NetD5_1 Pin=继电器7-4
Added Pin To Net: NetName=NetD5_2 Pin=继电器7-5
Added Pin To Net: NetName=12V Pin=继电器8-1
Added Pin To Net: NetName=NetF8_1 Pin=继电器8-3
Added Pin To Net: NetName=NetD9_1 Pin=继电器8-4
Added Pin To Net: NetName=NetD9_2 Pin=继电器8-5
Added Member To Class: ClassName=Relay_module Member=Component 继电器1 继电器
Added Member To Class: ClassName=Relay_module Member=Component 继电器2 继电器
Added Member To Class: ClassName=Relay_module Member=Component 继电器3 继电器
Added Member To Class: ClassName=Relay_module Member=Component 继电器4 继电器
Added Member To Class: ClassName=Relay_module Member=Component 继电器5 继电器
Added Member To Class: ClassName=Relay_module Member=Component 继电器6 继电器
Added Member To Class: ClassName=Relay_module Member=Component 继电器7 继电器
Added Member To Class: ClassName=Relay_module Member=Component 继电器8 继电器
Added Room: Name=Communicate_module
Added Room: Name=Pwoer_module
Added Room: Name=Relay_module
Added Room: Name=Sensor_module
Added Room: Name=STM32F429_minimum_system
