Change Component Footprint: Designator=F1 Old Footprint=1812 New Footprint=汽车保险丝座子
Change Component Footprint: Designator=F2 Old Footprint=1812 New Footprint=汽车保险丝座子
Change Component Footprint: Designator=F3 Old Footprint=1812 New Footprint=汽车保险丝座子
Change Component Footprint: Designator=F4 Old Footprint=1812 New Footprint=汽车保险丝座子
Change Component Footprint: Designator=F5 Old Footprint=1812 New Footprint=汽车保险丝座子
Change Component Footprint: Designator=F6 Old Footprint=1812 New Footprint=汽车保险丝座子
Change Component Footprint: Designator=F7 Old Footprint=1812 New Footprint=汽车保险丝座子
Change Component Footprint: Designator=F8 Old Footprint=1812 New Footprint=汽车保险丝座子
Change Component Footprint: Designator=F9 Old Footprint=1812 New Footprint=汽车保险丝座子
Change Component Footprint: Designator=F10 Old Footprint=1812 New Footprint=汽车保险丝座子
Change Component Comment : Designator=F1 Old Comment=Fuse New Comment=5A
Change Component Comment : Designator=F2 Old Comment=Fuse New Comment=5A
Change Component Comment : Designator=F3 Old Comment=Fuse New Comment=5A
Change Component Comment : Designator=F4 Old Comment=Fuse New Comment=5A
Change Component Comment : Designator=F5 Old Comment=Fuse New Comment=5A
Change Component Comment : Designator=F6 Old Comment=Fuse New Comment=5A
Change Component Comment : Designator=F7 Old Comment=Fuse New Comment=5A
Change Component Comment : Designator=F8 Old Comment=Fuse New Comment=5A
Change Component Comment : Designator=F9 Old Comment=Fuse New Comment=5A
Change Component Comment : Designator=F10 Old Comment=Fuse New Comment=5A
Added Room: Name=Communicate_module
Added Room: Name=Pwoer_module
Added Room: Name=Relay_module
Added Room: Name=Sensor_module
Added Room: Name=STM32F429_minimum_system
