Removed Pin From Net: NetName=3V3 Pin=3V3-1
Removed Pin From Net: NetName=3V3 Pin=C32-2
Removed Pin From Net: NetName=3V3 Pin=Cap2-1
Removed Pin From Net: NetName=3V3 Pin=J15-1
Removed Pin From Net: NetName=3V3 Pin=J16-1
Removed Pin From Net: NetName=3V3 Pin=J17-1
Removed Pin From Net: NetName=3V3 Pin=J18-1
Removed Pin From Net: NetName=3V3 Pin=J19-1
Removed Pin From Net: NetName=3V3 Pin=J20-1
Removed Pin From Net: NetName=3V3 Pin=J21-1
Removed Pin From Net: NetName=3V3 Pin=J22-1
Removed Pin From Net: NetName=3V3 Pin=J29-1
Removed Pin From Net: NetName=3V3 Pin=J30-1
Removed Pin From Net: NetName=3V3 Pin=R14-2
Removed Pin From Net: NetName=3V3 Pin=R16-2
Removed Pin From Net: NetName=3V3 Pin=R18-2
Removed Pin From Net: NetName=3V3 Pin=R20-2
Removed Pin From Net: NetName=3V3 Pin=R22-2
Removed Pin From Net: NetName=3V3 Pin=R24-2
Removed Pin From Net: NetName=3V3 Pin=R26-2
Removed Pin From Net: NetName=3V3 Pin=R28-2
Removed Pin From Net: NetName=3V3 Pin=R29-2
Removed Pin From Net: NetName=3V3 Pin=R31-2
Removed Pin From Net: NetName=3V3 Pin=R33-2
Removed Pin From Net: NetName=3V3 Pin=R35-2
Removed Pin From Net: NetName=3V3 Pin=R37-2
Removed Pin From Net: NetName=3V3 Pin=R39-2
Removed Pin From Net: NetName=3V3 Pin=R83-1
Removed Pin From Net: NetName=3V3 Pin=R84-1
Removed Pin From Net: NetName=3V3 Pin=R89-1
Removed Pin From Net: NetName=3V3 Pin=R90-1
Removed Pin From Net: NetName=3V3 Pin=R91-1
Removed Pin From Net: NetName=3V3 Pin=R92-1
Removed Pin From Net: NetName=3V3 Pin=U6-4
Added Component: Designator=Cap21(CC6.56.5)
Added Component: Designator=Cap22(CC6.56.5)
Added Component: Designator=U11(AMS1117)
Added Pin To Net: NetName=5V Pin=Cap21-1
Added Pin To Net: NetName=GND Pin=Cap21-2
Added Pin To Net: NetName=3V3 Pin=Cap22-1
Added Pin To Net: NetName=GND Pin=Cap22-2
Added Pin To Net: NetName=GND Pin=U11-1
Added Pin To Net: NetName=GND Pin=U11-2
Added Pin To Net: NetName=5V Pin=U11-3
Added Pin To Net: NetName=3V3 Pin=U11-4
Change Net Name : Old Net Name=3V3 New Net Name=MCU_3V3
Added Pin To Net: NetName=3V3 Pin=3V3-1
Added Pin To Net: NetName=3V3 Pin=C32-2
Added Pin To Net: NetName=3V3 Pin=Cap2-1
Added Pin To Net: NetName=3V3 Pin=J15-1
Added Pin To Net: NetName=3V3 Pin=J16-1
Added Pin To Net: NetName=3V3 Pin=J17-1
Added Pin To Net: NetName=3V3 Pin=J18-1
Added Pin To Net: NetName=3V3 Pin=J19-1
Added Pin To Net: NetName=3V3 Pin=J20-1
Added Pin To Net: NetName=3V3 Pin=J21-1
Added Pin To Net: NetName=3V3 Pin=J22-1
Added Pin To Net: NetName=3V3 Pin=J29-1
Added Pin To Net: NetName=3V3 Pin=J30-1
Added Pin To Net: NetName=3V3 Pin=R14-2
Added Pin To Net: NetName=3V3 Pin=R16-2
Added Pin To Net: NetName=3V3 Pin=R18-2
Added Pin To Net: NetName=3V3 Pin=R20-2
Added Pin To Net: NetName=3V3 Pin=R22-2
Added Pin To Net: NetName=3V3 Pin=R24-2
Added Pin To Net: NetName=3V3 Pin=R26-2
Added Pin To Net: NetName=3V3 Pin=R28-2
Added Pin To Net: NetName=3V3 Pin=R29-2
Added Pin To Net: NetName=3V3 Pin=R31-2
Added Pin To Net: NetName=3V3 Pin=R33-2
Added Pin To Net: NetName=3V3 Pin=R35-2
Added Pin To Net: NetName=3V3 Pin=R37-2
Added Pin To Net: NetName=3V3 Pin=R39-2
Added Pin To Net: NetName=3V3 Pin=R83-1
Added Pin To Net: NetName=3V3 Pin=R84-1
Added Pin To Net: NetName=3V3 Pin=R89-1
Added Pin To Net: NetName=3V3 Pin=R90-1
Added Pin To Net: NetName=3V3 Pin=R91-1
Added Pin To Net: NetName=3V3 Pin=R92-1
Added Pin To Net: NetName=3V3 Pin=U6-4
Added Net: Name=3V3
Added Member To Class: ClassName=Pwoer_module Member=Component Cap21 220uF
Added Member To Class: ClassName=Pwoer_module Member=Component Cap22 220uF
Added Member To Class: ClassName=Pwoer_module Member=Component U11 AMS1117-3.3
Added Room: Name=Communicate_module
Added Room: Name=Pwoer_module
Added Room: Name=Relay_module
Added Room: Name=Sensor_module
Added Room: Name=STM32F429_minimum_system
