Added Component: Designator=3V3(TP-1.5)
Added Component: Designator=5V(TP-1.5)
Added Component: Designator=12V OUT(T型头)
Added Component: Designator=12VOUT(F-HEADER-2*3-2.54MM)
Added Component: Designator=AnlogInput(F-HEADER-2*3-2.54MM)
Added Component: Designator=Bumper1(F-HEADER-4-2.54MM)
Added Component: Designator=Bumper2(F-HEADER-4-2.54MM)
Added Component: Designator=C1(0603P)
Added Component: Designator=C2(0603P)
Added Component: Designator=C3(0603P)
Added Component: Designator=C4(0603P)
Added Component: Designator=C5(0603P)
Added Component: Designator=C6(0603P)
Added Component: Designator=C7(0603P)
Added Component: Designator=C8(0603P)
Added Component: Designator=C9(0603P)
Added Component: Designator=C10(0603P)
Added Component: Designator=C11(0603P)
Added Component: Designator=C12(0603P)
Added Component: Designator=C13(0603P)
Added Component: Designator=C14(0603P)
Added Component: Designator=C15(0603P)
Added Component: Designator=C16(0603P)
Added Component: Designator=C17(0603P)
Added Component: Designator=C18(0603P)
Added Component: Designator=C19(0603P)
Added Component: Designator=C20(0603P)
Added Component: Designator=C21(0603P)
Added Component: Designator=C22(0603P)
Added Component: Designator=C23(0603P)
Added Component: Designator=C24(0603P)
Added Component: Designator=C25(0603P)
Added Component: Designator=C26(0402)
Added Component: Designator=C27(0402)
Added Component: Designator=C28(0402)
Added Component: Designator=C29(0402)
Added Component: Designator=C30(0402)
Added Component: Designator=C31(0603P)
Added Component: Designator=C32(0603P)
Added Component: Designator=C33(0603P)
Added Component: Designator=C34(0603P)
Added Component: Designator=C35(0603P)
Added Component: Designator=C36(0603P)
Added Component: Designator=C37(0603P)
Added Component: Designator=C38(0603P)
Added Component: Designator=CAN1(T型头)
Added Component: Designator=CAN2(T型头)
Added Component: Designator=Cap1(CC6.56.5)
Added Component: Designator=Cap2(CC6.56.5)
Added Component: Designator=Cap3(CC6.56.5)
Added Component: Designator=Cap4(CC6.56.5)
Added Component: Designator=Cap5(CC6.56.5)
Added Component: Designator=Cap6(CC6.56.5)
Added Component: Designator=COM232(DB9)
Added Component: Designator=D1(DIODE_SOP)
Added Component: Designator=D2(DIODE_SOP)
Added Component: Designator=D3(DIODE_SOP)
Added Component: Designator=D4(DIODE_SOP)
Added Component: Designator=D5(DIODE_SOP)
Added Component: Designator=D6(DIODE_SOP)
Added Component: Designator=D7(DIODE_SOP)
Added Component: Designator=D8(DIODE_SOP)
Added Component: Designator=D9(DIODE_SOP)
Added Component: Designator=D10(DIODE_SOP)
Added Component: Designator=D11(DIODE_SOP)
Added Component: Designator=DS0(SMDLED)
Added Component: Designator=Encoder1(F-HEADER-4-2.54MM)
Added Component: Designator=Encoder2(F-HEADER-4-2.54MM)
Added Component: Designator=Encoder3(F-HEADER-4-2.54MM)
Added Component: Designator=Encoder4(F-HEADER-4-2.54MM)
Added Component: Designator=F1(1812)
Added Component: Designator=F2(1812)
Added Component: Designator=F3(1812)
Added Component: Designator=F4(1812)
Added Component: Designator=F5(1812)
Added Component: Designator=F6(1812)
Added Component: Designator=F7(1812)
Added Component: Designator=F8(1812)
Added Component: Designator=F9(1812)
Added Component: Designator=F10(1812)
Added Component: Designator=HeadLeftLight(F-HEADER-4-2.54MM)
Added Component: Designator=HeadRightLight(F-HEADER-4-2.54MM)
Added Component: Designator=Horn(T型头)
Added Component: Designator=IO(F-HEADER-2*6-2.54MM)
Added Component: Designator=J1(SOP127P710X350-4N)
Added Component: Designator=J2(SOP127P710X350-4N)
Added Component: Designator=J3(SOP127P710X350-4N)
Added Component: Designator=J4(SOP127P710X350-4N)
Added Component: Designator=J5(SOP127P710X350-4N)
Added Component: Designator=J6(SOP127P710X350-4N)
Added Component: Designator=J7(SOP127P710X350-4N)
Added Component: Designator=J8(SOP127P710X350-4N)
Added Component: Designator=J9(SOP127P710X350-4N)
Added Component: Designator=J10(SOP127P710X350-4N)
Added Component: Designator=J11(SOP127P710X350-4N)
Added Component: Designator=J12(SOP127P710X350-4N)
Added Component: Designator=J13(SOP127P710X350-4N)
Added Component: Designator=J14(SOP127P710X350-4N)
Added Component: Designator=J15(SOP127P710X350-4N)
Added Component: Designator=J16(SOP127P710X350-4N)
Added Component: Designator=J17(SOP127P710X350-4N)
Added Component: Designator=J18(SOP127P710X350-4N)
Added Component: Designator=J19(SOP127P710X350-4N)
Added Component: Designator=J20(SOP127P710X350-4N)
Added Component: Designator=J21(SOP127P710X350-4N)
Added Component: Designator=J22(SOP127P710X350-4N)
Added Component: Designator=J23(SOP127P710X350-4N)
Added Component: Designator=J24(SOP127P710X350-4N)
Added Component: Designator=J25(SOP127P710X350-4N)
Added Component: Designator=J26(SOP127P710X350-4N)
Added Component: Designator=J27(SOP127P710X350-4N)
Added Component: Designator=J28(SOP127P710X350-4N)
Added Component: Designator=J29(SOP127P710X350-4N)
Added Component: Designator=J30(SOP127P710X350-4N)
Added Component: Designator=L1(电感-10*10)
Added Component: Designator=LIN1(F-HEADER-3-2.54MM)
Added Component: Designator=LIN2(F-HEADER-3-2.54MM)
Added Component: Designator=MidLeftLight(T型头)
Added Component: Designator=MidRightLight(T型头)
Added Component: Designator=PowerIN(T型头)
Added Component: Designator=Power(SMDLED)
Added Component: Designator=Q1(SOT-23)
Added Component: Designator=Q2(SOT-23)
Added Component: Designator=Q3(SOT-23)
Added Component: Designator=Q4(SOT-23)
Added Component: Designator=Q5(SOT-23)
Added Component: Designator=Q6(SOT-23)
Added Component: Designator=Q7(SOT-23)
Added Component: Designator=Q8(SOT-23)
Added Component: Designator=Q9(SOT-23)
Added Component: Designator=Q10(SOT-23)
Added Component: Designator=R1(0603P)
Added Component: Designator=R2(0603P)
Added Component: Designator=R3(0603P)
Added Component: Designator=R4(0603P)
Added Component: Designator=R5(0603P)
Added Component: Designator=R6(0603P)
Added Component: Designator=R7(0603P)
Added Component: Designator=R8(0603P)
Added Component: Designator=R9(0603P)
Added Component: Designator=R10(0603P)
Added Component: Designator=R11(0603P)
Added Component: Designator=R12(0603P)
Added Component: Designator=R13(0603P)
Added Component: Designator=R14(0603P)
Added Component: Designator=R15(0603P)
Added Component: Designator=R16(0603P)
Added Component: Designator=R17(0603P)
Added Component: Designator=R18(0603P)
Added Component: Designator=R19(0603P)
Added Component: Designator=R20(0603P)
Added Component: Designator=R21(0603P)
Added Component: Designator=R22(0603P)
Added Component: Designator=R23(0603P)
Added Component: Designator=R24(0603P)
Added Component: Designator=R25(0603P)
Added Component: Designator=R26(0603P)
Added Component: Designator=R27(0603P)
Added Component: Designator=R28(0603P)
Added Component: Designator=R29(0603P)
Added Component: Designator=R30(0603P)
Added Component: Designator=R31(0603P)
Added Component: Designator=R32(0603P)
Added Component: Designator=R33(0603P)
Added Component: Designator=R34(0603P)
Added Component: Designator=R35(0603P)
Added Component: Designator=R36(0603P)
Added Component: Designator=R37(0603P)
Added Component: Designator=R38(0603P)
Added Component: Designator=R39(0603P)
Added Component: Designator=R40(0603P)
Added Component: Designator=R41(0603P)
Added Component: Designator=R42(0603P)
Added Component: Designator=R43(0603P)
Added Component: Designator=R44(0603P)
Added Component: Designator=R45(0603P)
Added Component: Designator=R46(0603P)
Added Component: Designator=R47(0603P)
Added Component: Designator=R48(0603P)
Added Component: Designator=R49(0603P)
Added Component: Designator=R50(0603P)
Added Component: Designator=R51(0603P)
Added Component: Designator=R52(0603P)
Added Component: Designator=R53(0603P)
Added Component: Designator=R54(0603P)
Added Component: Designator=R55(0603P)
Added Component: Designator=R56(0603P)
Added Component: Designator=R57(0603P)
Added Component: Designator=R58(0603P)
Added Component: Designator=R59(0603P)
Added Component: Designator=R60(0603P)
Added Component: Designator=R61(0603P)
Added Component: Designator=R62(0603P)
Added Component: Designator=R63(0603P)
Added Component: Designator=R64(0603P)
Added Component: Designator=R65(0603P)
Added Component: Designator=R66(0603P)
Added Component: Designator=R67(0603P)
Added Component: Designator=R68(0603P)
Added Component: Designator=R69(0603P)
Added Component: Designator=R70(0603P)
Added Component: Designator=R71(0603P)
Added Component: Designator=R72(0603P)
Added Component: Designator=R73(0603P)
Added Component: Designator=R74(0603P)
Added Component: Designator=R75(0603P)
Added Component: Designator=R76(0603P)
Added Component: Designator=R77(0603P)
Added Component: Designator=R78(0603P)
Added Component: Designator=R79(0603P)
Added Component: Designator=R80(0603P)
Added Component: Designator=R81(0603P)
Added Component: Designator=R82(0603P)
Added Component: Designator=R83(0603P)
Added Component: Designator=R84(0603P)
Added Component: Designator=R85(0603P)
Added Component: Designator=R86(0603P)
Added Component: Designator=R87(0603P)
Added Component: Designator=R88(0603P)
Added Component: Designator=R89(0603P)
Added Component: Designator=R90(0603P)
Added Component: Designator=R91(0603P)
Added Component: Designator=R92(0603P)
Added Component: Designator=R93(0603P)
Added Component: Designator=R94(0603P)
Added Component: Designator=R95(0603P)
Added Component: Designator=R96(0603P)
Added Component: Designator=R97(0603P)
Added Component: Designator=R98(0603P)
Added Component: Designator=R99(0603P)
Added Component: Designator=R100(0603P)
Added Component: Designator=R101(0603P)
Added Component: Designator=R102(0603P)
Added Component: Designator=R103(0603P)
Added Component: Designator=R104(0603P)
Added Component: Designator=Relay9(继电器)
Added Component: Designator=Relay10(继电器)
Added Component: Designator=RST(KEY_SOP3625)
Added Component: Designator=SWD(F-HEADER-5-2.54MM)
Added Component: Designator=TailLeftLight(F-HEADER-5-2.54MM)
Added Component: Designator=TailRightLight(F-HEADER-5-2.54MM)
Added Component: Designator=U1(LQFP176)
Added Component: Designator=U2(WSON8)
Added Component: Designator=U3(SOP16M)
Added Component: Designator=U4(SOP-8)
Added Component: Designator=U5(SOP-8)
Added Component: Designator=U6(AMS1117)
Added Component: Designator=U8(TO-263-5)
Added Component: Designator=U9(NSO8_N)
Added Component: Designator=U10(NSO8_N)
Added Component: Designator=WarningLight(T型头)
Added Component: Designator=Y1(XTAL3225)
Added Pin To Net: NetName=3V3 Pin=3V3-1
Added Pin To Net: NetName=3V3 Pin=AnlogInput-6
Added Pin To Net: NetName=3V3 Pin=C1-2
Added Pin To Net: NetName=3V3 Pin=C2-2
Added Pin To Net: NetName=3V3 Pin=C3-2
Added Pin To Net: NetName=3V3 Pin=C4-2
Added Pin To Net: NetName=3V3 Pin=C5-2
Added Pin To Net: NetName=3V3 Pin=C6-2
Added Pin To Net: NetName=3V3 Pin=C7-2
Added Pin To Net: NetName=3V3 Pin=C8-2
Added Pin To Net: NetName=3V3 Pin=C9-2
Added Pin To Net: NetName=3V3 Pin=C10-2
Added Pin To Net: NetName=3V3 Pin=C11-2
Added Pin To Net: NetName=3V3 Pin=C12-2
Added Pin To Net: NetName=3V3 Pin=C13-2
Added Pin To Net: NetName=3V3 Pin=C14-2
Added Pin To Net: NetName=3V3 Pin=C15-2
Added Pin To Net: NetName=3V3 Pin=C25-1
Added Pin To Net: NetName=3V3 Pin=C26-2
Added Pin To Net: NetName=3V3 Pin=C32-2
Added Pin To Net: NetName=3V3 Pin=Cap2-1
Added Pin To Net: NetName=3V3 Pin=IO-12
Added Pin To Net: NetName=3V3 Pin=J15-1
Added Pin To Net: NetName=3V3 Pin=J16-1
Added Pin To Net: NetName=3V3 Pin=J17-1
Added Pin To Net: NetName=3V3 Pin=J18-1
Added Pin To Net: NetName=3V3 Pin=J19-1
Added Pin To Net: NetName=3V3 Pin=J20-1
Added Pin To Net: NetName=3V3 Pin=J21-1
Added Pin To Net: NetName=3V3 Pin=J22-1
Added Pin To Net: NetName=3V3 Pin=J29-1
Added Pin To Net: NetName=3V3 Pin=J30-1
Added Pin To Net: NetName=3V3 Pin=R1-2
Added Pin To Net: NetName=3V3 Pin=R4-2
Added Pin To Net: NetName=3V3 Pin=R5-2
Added Pin To Net: NetName=3V3 Pin=R6-2
Added Pin To Net: NetName=3V3 Pin=R7-1
Added Pin To Net: NetName=3V3 Pin=R9-2
Added Pin To Net: NetName=3V3 Pin=R10-1
Added Pin To Net: NetName=3V3 Pin=R11-2
Added Pin To Net: NetName=3V3 Pin=R12-2
Added Pin To Net: NetName=3V3 Pin=R14-2
Added Pin To Net: NetName=3V3 Pin=R16-2
Added Pin To Net: NetName=3V3 Pin=R18-2
Added Pin To Net: NetName=3V3 Pin=R20-2
Added Pin To Net: NetName=3V3 Pin=R22-2
Added Pin To Net: NetName=3V3 Pin=R24-2
Added Pin To Net: NetName=3V3 Pin=R26-2
Added Pin To Net: NetName=3V3 Pin=R28-2
Added Pin To Net: NetName=3V3 Pin=R29-2
Added Pin To Net: NetName=3V3 Pin=R31-2
Added Pin To Net: NetName=3V3 Pin=R33-2
Added Pin To Net: NetName=3V3 Pin=R35-2
Added Pin To Net: NetName=3V3 Pin=R37-2
Added Pin To Net: NetName=3V3 Pin=R39-2
Added Pin To Net: NetName=3V3 Pin=R83-1
Added Pin To Net: NetName=3V3 Pin=R84-1
Added Pin To Net: NetName=3V3 Pin=R89-1
Added Pin To Net: NetName=3V3 Pin=R90-1
Added Pin To Net: NetName=3V3 Pin=R91-1
Added Pin To Net: NetName=3V3 Pin=R92-1
Added Pin To Net: NetName=3V3 Pin=SWD-1
Added Pin To Net: NetName=3V3 Pin=U1-15
Added Pin To Net: NetName=3V3 Pin=U1-23
Added Pin To Net: NetName=3V3 Pin=U1-36
Added Pin To Net: NetName=3V3 Pin=U1-49
Added Pin To Net: NetName=3V3 Pin=U1-62
Added Pin To Net: NetName=3V3 Pin=U1-72
Added Pin To Net: NetName=3V3 Pin=U1-82
Added Pin To Net: NetName=3V3 Pin=U1-91
Added Pin To Net: NetName=3V3 Pin=U1-103
Added Pin To Net: NetName=3V3 Pin=U1-114
Added Pin To Net: NetName=3V3 Pin=U1-127
Added Pin To Net: NetName=3V3 Pin=U1-136
Added Pin To Net: NetName=3V3 Pin=U1-149
Added Pin To Net: NetName=3V3 Pin=U1-159
Added Pin To Net: NetName=3V3 Pin=U1-172
Added Pin To Net: NetName=3V3 Pin=U2-3
Added Pin To Net: NetName=3V3 Pin=U2-7
Added Pin To Net: NetName=3V3 Pin=U2-8
Added Pin To Net: NetName=3V3 Pin=U3-16
Added Pin To Net: NetName=3V3 Pin=U6-4
Added Net: Name=3V3
Added Pin To Net: NetName=5V_2 Pin=C34-2
Added Pin To Net: NetName=5V_2 Pin=Cap4-1
Added Pin To Net: NetName=5V_2 Pin=J15-4
Added Pin To Net: NetName=5V_2 Pin=J16-4
Added Pin To Net: NetName=5V_2 Pin=J17-4
Added Pin To Net: NetName=5V_2 Pin=J18-4
Added Pin To Net: NetName=5V_2 Pin=J19-4
Added Pin To Net: NetName=5V_2 Pin=J20-4
Added Pin To Net: NetName=5V_2 Pin=J21-4
Added Pin To Net: NetName=5V_2 Pin=J22-4
Added Pin To Net: NetName=5V_2 Pin=J29-4
Added Pin To Net: NetName=5V_2 Pin=L1-2
Added Pin To Net: NetName=5V_2 Pin=R85-2
Added Pin To Net: NetName=5V_2 Pin=R86-2
Added Pin To Net: NetName=5V_2 Pin=R87-2
Added Pin To Net: NetName=5V_2 Pin=R88-2
Added Pin To Net: NetName=5V_2 Pin=R93-2
Added Pin To Net: NetName=5V_2 Pin=R94-2
Added Pin To Net: NetName=5V_2 Pin=R95-2
Added Pin To Net: NetName=5V_2 Pin=R96-1
Added Pin To Net: NetName=5V_2 Pin=U8-4
Added Pin To Net: NetName=5V_2 Pin=U9-8
Added Pin To Net: NetName=5V_2 Pin=U10-8
Added Net: Name=5V_2
Added Pin To Net: NetName=5V Pin=5V-1
Added Pin To Net: NetName=5V Pin=C31-2
Added Pin To Net: NetName=5V Pin=C35-1
Added Pin To Net: NetName=5V Pin=C36-1
Added Pin To Net: NetName=5V Pin=C36-2
Added Pin To Net: NetName=5V Pin=Cap1-1
Added Pin To Net: NetName=5V Pin=Cap6-1
Added Pin To Net: NetName=5V Pin=U4-3
Added Pin To Net: NetName=5V Pin=U5-3
Added Pin To Net: NetName=5V Pin=U6-3
Added Net: Name=5V
Added Pin To Net: NetName=12V Pin=12VOUT-2
Added Pin To Net: NetName=12V Pin=12VOUT-4
Added Pin To Net: NetName=12V Pin=12VOUT-6
Added Pin To Net: NetName=12V Pin=C33-2
Added Pin To Net: NetName=12V Pin=Cap3-1
Added Pin To Net: NetName=12V Pin=Cap5-1
Added Pin To Net: NetName=12V Pin=Encoder1-1
Added Pin To Net: NetName=12V Pin=Encoder2-1
Added Pin To Net: NetName=12V Pin=Encoder3-1
Added Pin To Net: NetName=12V Pin=Encoder4-1
Added Pin To Net: NetName=12V Pin=J1-1
Added Pin To Net: NetName=12V Pin=J2-1
Added Pin To Net: NetName=12V Pin=J3-1
Added Pin To Net: NetName=12V Pin=J4-1
Added Pin To Net: NetName=12V Pin=J5-1
Added Pin To Net: NetName=12V Pin=J6-1
Added Pin To Net: NetName=12V Pin=J7-1
Added Pin To Net: NetName=12V Pin=J8-1
Added Pin To Net: NetName=12V Pin=J9-1
Added Pin To Net: NetName=12V Pin=J10-1
Added Pin To Net: NetName=12V Pin=J11-1
Added Pin To Net: NetName=12V Pin=J12-1
Added Pin To Net: NetName=12V Pin=J13-1
Added Pin To Net: NetName=12V Pin=J14-1
Added Pin To Net: NetName=12V Pin=LIN1-1
Added Pin To Net: NetName=12V Pin=LIN2-1
Added Pin To Net: NetName=12V Pin=PowerIN-1
Added Pin To Net: NetName=12V Pin=R43-2
Added Pin To Net: NetName=12V Pin=R48-2
Added Pin To Net: NetName=12V Pin=R52-2
Added Pin To Net: NetName=12V Pin=R56-2
Added Pin To Net: NetName=12V Pin=R60-2
Added Pin To Net: NetName=12V Pin=R64-1
Added Pin To Net: NetName=12V Pin=R68-2
Added Pin To Net: NetName=12V Pin=R72-1
Added Pin To Net: NetName=12V Pin=R74-2
Added Pin To Net: NetName=12V Pin=R75-2
Added Pin To Net: NetName=12V Pin=R76-2
Added Pin To Net: NetName=12V Pin=R77-2
Added Pin To Net: NetName=12V Pin=R78-2
Added Pin To Net: NetName=12V Pin=R79-2
Added Pin To Net: NetName=12V Pin=R80-2
Added Pin To Net: NetName=12V Pin=R81-2
Added Pin To Net: NetName=12V Pin=R100-1
Added Pin To Net: NetName=12V Pin=R104-2
Added Pin To Net: NetName=12V Pin=Relay9-1
Added Pin To Net: NetName=12V Pin=Relay10-1
Added Pin To Net: NetName=12V Pin=U8-1
Added Net: Name=12V
Added Pin To Net: NetName=A1 Pin=Encoder1-2
Added Pin To Net: NetName=A1 Pin=R13-1
Added Pin To Net: NetName=A1 Pin=R77-1
Added Net: Name=A1
Added Pin To Net: NetName=A2 Pin=Encoder2-2
Added Pin To Net: NetName=A2 Pin=R17-1
Added Pin To Net: NetName=A2 Pin=R74-1
Added Net: Name=A2
Added Pin To Net: NetName=A3 Pin=Encoder3-2
Added Pin To Net: NetName=A3 Pin=R21-1
Added Pin To Net: NetName=A3 Pin=R75-1
Added Net: Name=A3
Added Pin To Net: NetName=A4 Pin=Encoder4-2
Added Pin To Net: NetName=A4 Pin=R25-1
Added Pin To Net: NetName=A4 Pin=R76-1
Added Net: Name=A4
Added Pin To Net: NetName=AD1 Pin=AnlogInput-1
Added Pin To Net: NetName=AD1 Pin=U1-32
Added Net: Name=AD1
Added Pin To Net: NetName=AD2 Pin=AnlogInput-2
Added Pin To Net: NetName=AD2 Pin=U1-33
Added Net: Name=AD2
Added Pin To Net: NetName=AD3 Pin=AnlogInput-3
Added Pin To Net: NetName=AD3 Pin=U1-34
Added Net: Name=AD3
Added Pin To Net: NetName=AD4 Pin=AnlogInput-4
Added Pin To Net: NetName=AD4 Pin=U1-35
Added Net: Name=AD4
Added Pin To Net: NetName=B1 Pin=Encoder1-3
Added Pin To Net: NetName=B1 Pin=R15-1
Added Pin To Net: NetName=B1 Pin=R78-1
Added Net: Name=B1
Added Pin To Net: NetName=B2 Pin=Encoder2-3
Added Pin To Net: NetName=B2 Pin=R19-1
Added Pin To Net: NetName=B2 Pin=R79-1
Added Net: Name=B2
Added Pin To Net: NetName=B3 Pin=Encoder3-3
Added Pin To Net: NetName=B3 Pin=R23-1
Added Pin To Net: NetName=B3 Pin=R80-1
Added Net: Name=B3
Added Pin To Net: NetName=B4 Pin=Encoder4-3
Added Pin To Net: NetName=B4 Pin=R27-1
Added Pin To Net: NetName=B4 Pin=R81-1
Added Net: Name=B4
Added Pin To Net: NetName=BOOT0 Pin=R2-1
Added Pin To Net: NetName=BOOT0 Pin=U1-166
Added Net: Name=BOOT0
Added Pin To Net: NetName=BOOT1 Pin=R3-1
Added Pin To Net: NetName=BOOT1 Pin=U1-58
Added Net: Name=BOOT1
Added Pin To Net: NetName=BREAKLIGHT Pin=F6-2
Added Pin To Net: NetName=BREAKLIGHT Pin=TailLeftLight-3
Added Pin To Net: NetName=BREAKLIGHT Pin=TailRightLight-3
Added Net: Name=BREAKLIGHT
Added Pin To Net: NetName=C8 Pin=IO-1
Added Net: Name=C8
Added Pin To Net: NetName=C9 Pin=IO-2
Added Net: Name=C9
Added Pin To Net: NetName=C10 Pin=IO-3
Added Net: Name=C10
Added Pin To Net: NetName=C11 Pin=IO-4
Added Net: Name=C11
Added Pin To Net: NetName=C12 Pin=IO-5
Added Net: Name=C12
Added Pin To Net: NetName=C13 Pin=IO-6
Added Net: Name=C13
Added Pin To Net: NetName=DRIVINGLIGHT Pin=F5-2
Added Pin To Net: NetName=DRIVINGLIGHT Pin=TailLeftLight-2
Added Pin To Net: NetName=DRIVINGLIGHT Pin=TailRightLight-2
Added Net: Name=DRIVINGLIGHT
Added Pin To Net: NetName=E5 Pin=IO-7
Added Pin To Net: NetName=E5 Pin=U1-4
Added Net: Name=E5
Added Pin To Net: NetName=E6 Pin=IO-8
Added Pin To Net: NetName=E6 Pin=U1-5
Added Net: Name=E6
Added Pin To Net: NetName=E7 Pin=IO-9
Added Pin To Net: NetName=E7 Pin=U1-68
Added Net: Name=E7
Added Pin To Net: NetName=E8 Pin=IO-10
Added Pin To Net: NetName=E8 Pin=U1-69
Added Net: Name=E8
Added Pin To Net: NetName=F_CS_F6 Pin=U1-24
Added Pin To Net: NetName=F_CS_F6 Pin=U2-1
Added Net: Name=F_CS_F6
Added Pin To Net: NetName=GND Pin=AnlogInput-5
Added Pin To Net: NetName=GND Pin=C1-1
Added Pin To Net: NetName=GND Pin=C2-1
Added Pin To Net: NetName=GND Pin=C3-1
Added Pin To Net: NetName=GND Pin=C4-1
Added Pin To Net: NetName=GND Pin=C5-1
Added Pin To Net: NetName=GND Pin=C6-1
Added Pin To Net: NetName=GND Pin=C7-1
Added Pin To Net: NetName=GND Pin=C8-1
Added Pin To Net: NetName=GND Pin=C9-1
Added Pin To Net: NetName=GND Pin=C10-1
Added Pin To Net: NetName=GND Pin=C11-1
Added Pin To Net: NetName=GND Pin=C12-1
Added Pin To Net: NetName=GND Pin=C13-1
Added Pin To Net: NetName=GND Pin=C14-1
Added Pin To Net: NetName=GND Pin=C15-1
Added Pin To Net: NetName=GND Pin=C16-2
Added Pin To Net: NetName=GND Pin=C17-2
Added Pin To Net: NetName=GND Pin=C18-2
Added Pin To Net: NetName=GND Pin=C19-2
Added Pin To Net: NetName=GND Pin=C20-2
Added Pin To Net: NetName=GND Pin=C21-1
Added Pin To Net: NetName=GND Pin=C22-1
Added Pin To Net: NetName=GND Pin=C23-2
Added Pin To Net: NetName=GND Pin=C24-2
Added Pin To Net: NetName=GND Pin=C25-2
Added Pin To Net: NetName=GND Pin=C26-1
Added Pin To Net: NetName=GND Pin=C28-2
Added Pin To Net: NetName=GND Pin=C30-2
Added Pin To Net: NetName=GND Pin=C31-1
Added Pin To Net: NetName=GND Pin=C32-1
Added Pin To Net: NetName=GND Pin=C35-2
Added Pin To Net: NetName=GND Pin=Cap1-2
Added Pin To Net: NetName=GND Pin=Cap2-2
Added Pin To Net: NetName=GND Pin=Cap6-2
Added Pin To Net: NetName=GND Pin=COM232-5
Added Pin To Net: NetName=GND Pin=IO-11
Added Pin To Net: NetName=GND Pin=J1-3
Added Pin To Net: NetName=GND Pin=J2-3
Added Pin To Net: NetName=GND Pin=J3-3
Added Pin To Net: NetName=GND Pin=J4-3
Added Pin To Net: NetName=GND Pin=J5-3
Added Pin To Net: NetName=GND Pin=J6-3
Added Pin To Net: NetName=GND Pin=J7-3
Added Pin To Net: NetName=GND Pin=J8-3
Added Pin To Net: NetName=GND Pin=J9-3
Added Pin To Net: NetName=GND Pin=J10-3
Added Pin To Net: NetName=GND Pin=J11-3
Added Pin To Net: NetName=GND Pin=J12-3
Added Pin To Net: NetName=GND Pin=J13-3
Added Pin To Net: NetName=GND Pin=J14-3
Added Pin To Net: NetName=GND Pin=J24-3
Added Pin To Net: NetName=GND Pin=J26-3
Added Pin To Net: NetName=GND Pin=Power-2
Added Pin To Net: NetName=GND Pin=R2-2
Added Pin To Net: NetName=GND Pin=R3-2
Added Pin To Net: NetName=GND Pin=R8-2
Added Pin To Net: NetName=GND Pin=RST-2
Added Pin To Net: NetName=GND Pin=SWD-5
Added Pin To Net: NetName=GND Pin=U1-14
Added Pin To Net: NetName=GND Pin=U1-22
Added Pin To Net: NetName=GND Pin=U1-37
Added Pin To Net: NetName=GND Pin=U1-61
Added Pin To Net: NetName=GND Pin=U1-71
Added Pin To Net: NetName=GND Pin=U1-90
Added Pin To Net: NetName=GND Pin=U1-102
Added Pin To Net: NetName=GND Pin=U1-113
Added Pin To Net: NetName=GND Pin=U1-126
Added Pin To Net: NetName=GND Pin=U1-135
Added Pin To Net: NetName=GND Pin=U1-148
Added Pin To Net: NetName=GND Pin=U1-158
Added Pin To Net: NetName=GND Pin=U2-4
Added Pin To Net: NetName=GND Pin=U3-15
Added Pin To Net: NetName=GND Pin=U4-2
Added Pin To Net: NetName=GND Pin=U4-8
Added Pin To Net: NetName=GND Pin=U5-2
Added Pin To Net: NetName=GND Pin=U5-8
Added Pin To Net: NetName=GND Pin=U6-1
Added Pin To Net: NetName=GND Pin=U6-2
Added Pin To Net: NetName=GND Pin=Y1-2
Added Pin To Net: NetName=GND Pin=Y1-4
Added Net: Name=GND
Added Pin To Net: NetName=HIGHLIGHT Pin=F1-2
Added Pin To Net: NetName=HIGHLIGHT Pin=HeadLeftLight-1
Added Pin To Net: NetName=HIGHLIGHT Pin=HeadRightLight-1
Added Net: Name=HIGHLIGHT
Added Pin To Net: NetName=HORN Pin=F8-2
Added Pin To Net: NetName=HORN Pin=Horn-1
Added Net: Name=HORN
Added Pin To Net: NetName=JTCK Pin=R12-1
Added Pin To Net: NetName=JTCK Pin=SWD-4
Added Pin To Net: NetName=JTCK Pin=U1-137
Added Net: Name=JTCK
Added Pin To Net: NetName=JTMS Pin=R11-1
Added Pin To Net: NetName=JTMS Pin=SWD-3
Added Pin To Net: NetName=JTMS Pin=U1-124
Added Net: Name=JTMS
Added Pin To Net: NetName=LED0_B1 Pin=DS0-2
Added Pin To Net: NetName=LED0_B1 Pin=U1-57
Added Net: Name=LED0_B1
Added Pin To Net: NetName=LEFTLIGHT Pin=F3-2
Added Pin To Net: NetName=LEFTLIGHT Pin=HeadLeftLight-3
Added Pin To Net: NetName=LEFTLIGHT Pin=MidLeftLight-1
Added Pin To Net: NetName=LEFTLIGHT Pin=TailLeftLight-1
Added Net: Name=LEFTLIGHT
Added Pin To Net: NetName=LOWLIGHT Pin=F2-2
Added Pin To Net: NetName=LOWLIGHT Pin=HeadLeftLight-2
Added Pin To Net: NetName=LOWLIGHT Pin=HeadRightLight-2
Added Net: Name=LOWLIGHT
Added Pin To Net: NetName=Net12V OUT_2 Pin=12V OUT-2
Added Pin To Net: NetName=Net12V OUT_2 Pin=F10-2
Added Net: Name=Net12V OUT_2
Added Pin To Net: NetName=NetBumper1_1 Pin=Bumper1-1
Added Pin To Net: NetName=NetBumper1_1 Pin=R36-1
Added Net: Name=NetBumper1_1
Added Pin To Net: NetName=NetBumper1_2 Pin=Bumper1-2
Added Pin To Net: NetName=NetBumper1_2 Pin=R38-1
Added Net: Name=NetBumper1_2
Added Pin To Net: NetName=NetBumper1_3 Pin=Bumper1-3
Added Pin To Net: NetName=NetBumper1_3 Pin=R40-1
Added Net: Name=NetBumper1_3
Added Pin To Net: NetName=NetBumper2_1 Pin=Bumper2-1
Added Pin To Net: NetName=NetBumper2_1 Pin=R30-1
Added Net: Name=NetBumper2_1
Added Pin To Net: NetName=NetBumper2_2 Pin=Bumper2-2
Added Pin To Net: NetName=NetBumper2_2 Pin=R32-1
Added Net: Name=NetBumper2_2
Added Pin To Net: NetName=NetBumper2_3 Pin=Bumper2-3
Added Pin To Net: NetName=NetBumper2_3 Pin=R34-1
Added Net: Name=NetBumper2_3
Added Pin To Net: NetName=NetC16_1 Pin=C16-1
Added Pin To Net: NetName=NetC16_1 Pin=U1-30
Added Pin To Net: NetName=NetC16_1 Pin=Y1-1
Added Net: Name=NetC16_1
Added Pin To Net: NetName=NetC17_1 Pin=C17-1
Added Pin To Net: NetName=NetC17_1 Pin=U1-29
Added Pin To Net: NetName=NetC17_1 Pin=Y1-3
Added Net: Name=NetC17_1
Added Pin To Net: NetName=NetC19_1 Pin=C19-1
Added Pin To Net: NetName=NetC19_1 Pin=U1-81
Added Net: Name=NetC19_1
Added Pin To Net: NetName=NetC20_1 Pin=C20-1
Added Pin To Net: NetName=NetC20_1 Pin=U1-125
Added Net: Name=NetC20_1
Added Pin To Net: NetName=NetC21_2 Pin=C21-2
Added Pin To Net: NetName=NetC21_2 Pin=C22-2
Added Pin To Net: NetName=NetC21_2 Pin=R4-1
Added Pin To Net: NetName=NetC21_2 Pin=U1-39
Added Net: Name=NetC21_2
Added Pin To Net: NetName=NetC23_1 Pin=C23-1
Added Pin To Net: NetName=NetC23_1 Pin=C24-1
Added Pin To Net: NetName=NetC23_1 Pin=R6-1
Added Pin To Net: NetName=NetC23_1 Pin=U1-38
Added Net: Name=NetC23_1
Added Pin To Net: NetName=NetC27_1 Pin=C27-1
Added Pin To Net: NetName=NetC27_1 Pin=U3-1
Added Net: Name=NetC27_1
Added Pin To Net: NetName=NetC27_2 Pin=C27-2
Added Pin To Net: NetName=NetC27_2 Pin=U3-3
Added Net: Name=NetC27_2
Added Pin To Net: NetName=NetC28_1 Pin=C28-1
Added Pin To Net: NetName=NetC28_1 Pin=U3-2
Added Net: Name=NetC28_1
Added Pin To Net: NetName=NetC29_1 Pin=C29-1
Added Pin To Net: NetName=NetC29_1 Pin=U3-4
Added Net: Name=NetC29_1
Added Pin To Net: NetName=NetC29_2 Pin=C29-2
Added Pin To Net: NetName=NetC29_2 Pin=U3-5
Added Net: Name=NetC29_2
Added Pin To Net: NetName=NetC30_1 Pin=C30-1
Added Pin To Net: NetName=NetC30_1 Pin=U3-6
Added Net: Name=NetC30_1
Added Pin To Net: NetName=NetC37_2 Pin=C37-2
Added Pin To Net: NetName=NetC37_2 Pin=LIN1-3
Added Pin To Net: NetName=NetC37_2 Pin=R87-1
Added Pin To Net: NetName=NetC37_2 Pin=U9-6
Added Net: Name=NetC37_2
Added Pin To Net: NetName=NetC38_2 Pin=C38-2
Added Pin To Net: NetName=NetC38_2 Pin=LIN2-3
Added Pin To Net: NetName=NetC38_2 Pin=R96-2
Added Pin To Net: NetName=NetC38_2 Pin=U10-6
Added Net: Name=NetC38_2
Added Pin To Net: NetName=NetCAN1_1 Pin=CAN1-1
Added Pin To Net: NetName=NetCAN1_1 Pin=R73-2
Added Pin To Net: NetName=NetCAN1_1 Pin=U5-7
Added Net: Name=NetCAN1_1
Added Pin To Net: NetName=NetCAN1_2 Pin=CAN1-2
Added Pin To Net: NetName=NetCAN1_2 Pin=R73-1
Added Pin To Net: NetName=NetCAN1_2 Pin=U5-6
Added Net: Name=NetCAN1_2
Added Pin To Net: NetName=NetCAN2_1 Pin=CAN2-1
Added Pin To Net: NetName=NetCAN2_1 Pin=R82-2
Added Pin To Net: NetName=NetCAN2_1 Pin=U4-7
Added Net: Name=NetCAN2_1
Added Pin To Net: NetName=NetCAN2_2 Pin=CAN2-2
Added Pin To Net: NetName=NetCAN2_2 Pin=R82-1
Added Pin To Net: NetName=NetCAN2_2 Pin=U4-6
Added Net: Name=NetCAN2_2
Added Pin To Net: NetName=NetCOM232_2 Pin=COM232-2
Added Pin To Net: NetName=NetCOM232_2 Pin=U3-14
Added Net: Name=NetCOM232_2
Added Pin To Net: NetName=NetCOM232_3 Pin=COM232-3
Added Pin To Net: NetName=NetCOM232_3 Pin=U3-13
Added Net: Name=NetCOM232_3
Added Pin To Net: NetName=NetD1_2 Pin=D1-2
Added Pin To Net: NetName=NetD1_2 Pin=L1-1
Added Pin To Net: NetName=NetD1_2 Pin=U8-2
Added Net: Name=NetD1_2
Added Pin To Net: NetName=NetD2_1 Pin=D2-1
Added Pin To Net: NetName=NetD2_1 Pin=Q1-3
Added Net: Name=NetD2_1
Added Pin To Net: NetName=NetD2_2 Pin=D2-2
Added Pin To Net: NetName=NetD2_2 Pin=R43-1
Added Net: Name=NetD2_2
Added Pin To Net: NetName=NetD3_1 Pin=D3-1
Added Pin To Net: NetName=NetD3_1 Pin=Q2-3
Added Net: Name=NetD3_1
Added Pin To Net: NetName=NetD3_2 Pin=D3-2
Added Pin To Net: NetName=NetD3_2 Pin=R48-1
Added Net: Name=NetD3_2
Added Pin To Net: NetName=NetD4_1 Pin=D4-1
Added Pin To Net: NetName=NetD4_1 Pin=Q3-3
Added Net: Name=NetD4_1
Added Pin To Net: NetName=NetD4_2 Pin=D4-2
Added Pin To Net: NetName=NetD4_2 Pin=R52-1
Added Net: Name=NetD4_2
Added Pin To Net: NetName=NetD5_1 Pin=D5-1
Added Pin To Net: NetName=NetD5_1 Pin=Q4-3
Added Net: Name=NetD5_1
Added Pin To Net: NetName=NetD5_2 Pin=D5-2
Added Pin To Net: NetName=NetD5_2 Pin=R56-1
Added Net: Name=NetD5_2
Added Pin To Net: NetName=NetD6_1 Pin=D6-1
Added Pin To Net: NetName=NetD6_1 Pin=Q5-3
Added Net: Name=NetD6_1
Added Pin To Net: NetName=NetD6_2 Pin=D6-2
Added Pin To Net: NetName=NetD6_2 Pin=R60-1
Added Net: Name=NetD6_2
Added Pin To Net: NetName=NetD7_1 Pin=D7-1
Added Pin To Net: NetName=NetD7_1 Pin=Q6-3
Added Net: Name=NetD7_1
Added Pin To Net: NetName=NetD7_2 Pin=D7-2
Added Pin To Net: NetName=NetD7_2 Pin=R64-2
Added Net: Name=NetD7_2
Added Pin To Net: NetName=NetD8_1 Pin=D8-1
Added Pin To Net: NetName=NetD8_1 Pin=Q7-3
Added Net: Name=NetD8_1
Added Pin To Net: NetName=NetD8_2 Pin=D8-2
Added Pin To Net: NetName=NetD8_2 Pin=R68-1
Added Net: Name=NetD8_2
Added Pin To Net: NetName=NetD9_1 Pin=D9-1
Added Pin To Net: NetName=NetD9_1 Pin=Q8-3
Added Net: Name=NetD9_1
Added Pin To Net: NetName=NetD9_2 Pin=D9-2
Added Pin To Net: NetName=NetD9_2 Pin=R72-2
Added Net: Name=NetD9_2
Added Pin To Net: NetName=NetD10_1 Pin=D10-1
Added Pin To Net: NetName=NetD10_1 Pin=Q9-3
Added Pin To Net: NetName=NetD10_1 Pin=Relay9-4
Added Net: Name=NetD10_1
Added Pin To Net: NetName=NetD10_2 Pin=D10-2
Added Pin To Net: NetName=NetD10_2 Pin=R100-2
Added Pin To Net: NetName=NetD10_2 Pin=Relay9-5
Added Net: Name=NetD10_2
Added Pin To Net: NetName=NetD11_1 Pin=D11-1
Added Pin To Net: NetName=NetD11_1 Pin=Q10-3
Added Pin To Net: NetName=NetD11_1 Pin=Relay10-4
Added Net: Name=NetD11_1
Added Pin To Net: NetName=NetD11_2 Pin=D11-2
Added Pin To Net: NetName=NetD11_2 Pin=R104-1
Added Pin To Net: NetName=NetD11_2 Pin=Relay10-5
Added Net: Name=NetD11_2
Added Pin To Net: NetName=NetDS0_1 Pin=DS0-1
Added Pin To Net: NetName=NetDS0_1 Pin=R10-2
Added Net: Name=NetDS0_1
Added Pin To Net: NetName=NetF1_1 Pin=F1-1
Added Net: Name=NetF1_1
Added Pin To Net: NetName=NetF2_1 Pin=F2-1
Added Net: Name=NetF2_1
Added Pin To Net: NetName=NetF3_1 Pin=F3-1
Added Net: Name=NetF3_1
Added Pin To Net: NetName=NetF4_1 Pin=F4-1
Added Net: Name=NetF4_1
Added Pin To Net: NetName=NetF5_1 Pin=F5-1
Added Net: Name=NetF5_1
Added Pin To Net: NetName=NetF6_1 Pin=F6-1
Added Net: Name=NetF6_1
Added Pin To Net: NetName=NetF7_1 Pin=F7-1
Added Net: Name=NetF7_1
Added Pin To Net: NetName=NetF8_1 Pin=F8-1
Added Net: Name=NetF8_1
Added Pin To Net: NetName=NetF9_1 Pin=F9-1
Added Pin To Net: NetName=NetF9_1 Pin=Relay9-3
Added Net: Name=NetF9_1
Added Pin To Net: NetName=NetF10_1 Pin=F10-1
Added Pin To Net: NetName=NetF10_1 Pin=Relay10-3
Added Net: Name=NetF10_1
Added Pin To Net: NetName=NetJ1_2 Pin=J1-2
Added Pin To Net: NetName=NetJ1_2 Pin=R13-2
Added Net: Name=NetJ1_2
Added Pin To Net: NetName=NetJ1_4 Pin=J1-4
Added Pin To Net: NetName=NetJ1_4 Pin=R14-1
Added Pin To Net: NetName=NetJ1_4 Pin=U1-40
Added Net: Name=NetJ1_4
Added Pin To Net: NetName=NetJ2_2 Pin=J2-2
Added Pin To Net: NetName=NetJ2_2 Pin=R15-2
Added Net: Name=NetJ2_2
Added Pin To Net: NetName=NetJ2_4 Pin=J2-4
Added Pin To Net: NetName=NetJ2_4 Pin=R16-1
Added Pin To Net: NetName=NetJ2_4 Pin=U1-41
Added Net: Name=NetJ2_4
Added Pin To Net: NetName=NetJ3_2 Pin=J3-2
Added Pin To Net: NetName=NetJ3_2 Pin=R17-2
Added Net: Name=NetJ3_2
Added Pin To Net: NetName=NetJ3_4 Pin=J3-4
Added Pin To Net: NetName=NetJ3_4 Pin=R18-1
Added Pin To Net: NetName=NetJ3_4 Pin=U1-162
Added Net: Name=NetJ3_4
Added Pin To Net: NetName=NetJ4_2 Pin=J4-2
Added Pin To Net: NetName=NetJ4_2 Pin=R19-2
Added Net: Name=NetJ4_2
Added Pin To Net: NetName=NetJ4_4 Pin=J4-4
Added Pin To Net: NetName=NetJ4_4 Pin=R20-1
Added Pin To Net: NetName=NetJ4_4 Pin=U1-163
Added Net: Name=NetJ4_4
Added Pin To Net: NetName=NetJ5_2 Pin=J5-2
Added Pin To Net: NetName=NetJ5_2 Pin=R21-2
Added Net: Name=NetJ5_2
Added Pin To Net: NetName=NetJ5_4 Pin=J5-4
Added Pin To Net: NetName=NetJ5_4 Pin=R22-1
Added Pin To Net: NetName=NetJ5_4 Pin=U1-164
Added Net: Name=NetJ5_4
Added Pin To Net: NetName=NetJ6_2 Pin=J6-2
Added Pin To Net: NetName=NetJ6_2 Pin=R23-2
Added Net: Name=NetJ6_2
Added Pin To Net: NetName=NetJ6_4 Pin=J6-4
Added Pin To Net: NetName=NetJ6_4 Pin=R24-1
Added Pin To Net: NetName=NetJ6_4 Pin=U1-165
Added Net: Name=NetJ6_4
Added Pin To Net: NetName=NetJ7_2 Pin=J7-2
Added Pin To Net: NetName=NetJ7_2 Pin=R25-2
Added Net: Name=NetJ7_2
Added Pin To Net: NetName=NetJ7_4 Pin=J7-4
Added Pin To Net: NetName=NetJ7_4 Pin=R26-1
Added Pin To Net: NetName=NetJ7_4 Pin=U1-87
Added Net: Name=NetJ7_4
Added Pin To Net: NetName=NetJ8_2 Pin=J8-2
Added Pin To Net: NetName=NetJ8_2 Pin=R27-2
Added Net: Name=NetJ8_2
Added Pin To Net: NetName=NetJ8_4 Pin=J8-4
Added Pin To Net: NetName=NetJ8_4 Pin=R28-1
Added Pin To Net: NetName=NetJ8_4 Pin=U1-88
Added Net: Name=NetJ8_4
Added Pin To Net: NetName=NetJ9_2 Pin=J9-2
Added Pin To Net: NetName=NetJ9_2 Pin=R40-2
Added Net: Name=NetJ9_2
Added Pin To Net: NetName=NetJ9_4 Pin=J9-4
Added Pin To Net: NetName=NetJ9_4 Pin=R39-1
Added Pin To Net: NetName=NetJ9_4 Pin=U1-147
Added Net: Name=NetJ9_4
Added Pin To Net: NetName=NetJ10_2 Pin=J10-2
Added Pin To Net: NetName=NetJ10_2 Pin=R38-2
Added Net: Name=NetJ10_2
Added Pin To Net: NetName=NetJ10_4 Pin=J10-4
Added Pin To Net: NetName=NetJ10_4 Pin=R37-1
Added Pin To Net: NetName=NetJ10_4 Pin=U1-146
Added Net: Name=NetJ10_4
Added Pin To Net: NetName=NetJ11_2 Pin=J11-2
Added Pin To Net: NetName=NetJ11_2 Pin=R36-2
Added Net: Name=NetJ11_2
Added Pin To Net: NetName=NetJ11_4 Pin=J11-4
Added Pin To Net: NetName=NetJ11_4 Pin=R35-1
Added Pin To Net: NetName=NetJ11_4 Pin=U1-145
Added Net: Name=NetJ11_4
Added Pin To Net: NetName=NetJ12_2 Pin=J12-2
Added Pin To Net: NetName=NetJ12_2 Pin=R34-2
Added Net: Name=NetJ12_2
Added Pin To Net: NetName=NetJ12_4 Pin=J12-4
Added Pin To Net: NetName=NetJ12_4 Pin=R33-1
Added Pin To Net: NetName=NetJ12_4 Pin=U1-144
Added Net: Name=NetJ12_4
Added Pin To Net: NetName=NetJ13_2 Pin=J13-2
Added Pin To Net: NetName=NetJ13_2 Pin=R32-2
Added Net: Name=NetJ13_2
Added Pin To Net: NetName=NetJ13_4 Pin=J13-4
Added Pin To Net: NetName=NetJ13_4 Pin=R31-1
Added Pin To Net: NetName=NetJ13_4 Pin=U1-143
Added Net: Name=NetJ13_4
Added Pin To Net: NetName=NetJ14_2 Pin=J14-2
Added Pin To Net: NetName=NetJ14_2 Pin=R30-2
Added Net: Name=NetJ14_2
Added Pin To Net: NetName=NetJ14_4 Pin=J14-4
Added Pin To Net: NetName=NetJ14_4 Pin=R29-1
Added Pin To Net: NetName=NetJ14_4 Pin=U1-142
Added Net: Name=NetJ14_4
Added Pin To Net: NetName=NetJ15_2 Pin=J15-2
Added Pin To Net: NetName=NetJ15_2 Pin=R44-2
Added Net: Name=NetJ15_2
Added Pin To Net: NetName=NetJ15_3 Pin=J15-3
Added Pin To Net: NetName=NetJ15_3 Pin=R41-1
Added Net: Name=NetJ15_3
Added Pin To Net: NetName=NetJ16_2 Pin=J16-2
Added Pin To Net: NetName=NetJ16_2 Pin=R45-2
Added Net: Name=NetJ16_2
Added Pin To Net: NetName=NetJ16_3 Pin=J16-3
Added Pin To Net: NetName=NetJ16_3 Pin=R46-1
Added Net: Name=NetJ16_3
Added Pin To Net: NetName=NetJ17_2 Pin=J17-2
Added Pin To Net: NetName=NetJ17_2 Pin=R49-2
Added Net: Name=NetJ17_2
Added Pin To Net: NetName=NetJ17_3 Pin=J17-3
Added Pin To Net: NetName=NetJ17_3 Pin=R50-1
Added Net: Name=NetJ17_3
Added Pin To Net: NetName=NetJ18_2 Pin=J18-2
Added Pin To Net: NetName=NetJ18_2 Pin=R53-2
Added Net: Name=NetJ18_2
Added Pin To Net: NetName=NetJ18_3 Pin=J18-3
Added Pin To Net: NetName=NetJ18_3 Pin=R54-1
Added Net: Name=NetJ18_3
Added Pin To Net: NetName=NetJ19_2 Pin=J19-2
Added Pin To Net: NetName=NetJ19_2 Pin=R57-2
Added Net: Name=NetJ19_2
Added Pin To Net: NetName=NetJ19_3 Pin=J19-3
Added Pin To Net: NetName=NetJ19_3 Pin=R58-1
Added Net: Name=NetJ19_3
Added Pin To Net: NetName=NetJ20_2 Pin=J20-2
Added Pin To Net: NetName=NetJ20_2 Pin=R61-2
Added Net: Name=NetJ20_2
Added Pin To Net: NetName=NetJ20_3 Pin=J20-3
Added Pin To Net: NetName=NetJ20_3 Pin=R62-1
Added Net: Name=NetJ20_3
Added Pin To Net: NetName=NetJ21_2 Pin=J21-2
Added Pin To Net: NetName=NetJ21_2 Pin=R65-1
Added Net: Name=NetJ21_2
Added Pin To Net: NetName=NetJ21_3 Pin=J21-3
Added Pin To Net: NetName=NetJ21_3 Pin=R66-1
Added Net: Name=NetJ21_3
Added Pin To Net: NetName=NetJ22_2 Pin=J22-2
Added Pin To Net: NetName=NetJ22_2 Pin=R69-2
Added Net: Name=NetJ22_2
Added Pin To Net: NetName=NetJ22_3 Pin=J22-3
Added Pin To Net: NetName=NetJ22_3 Pin=R70-2
Added Net: Name=NetJ22_3
Added Pin To Net: NetName=NetJ23_1 Pin=J23-1
Added Pin To Net: NetName=NetJ23_1 Pin=R83-2
Added Net: Name=NetJ23_1
Added Pin To Net: NetName=NetJ23_2 Pin=J23-2
Added Pin To Net: NetName=NetJ23_2 Pin=U1-120
Added Net: Name=NetJ23_2
Added Pin To Net: NetName=NetJ23_4 Pin=J23-4
Added Pin To Net: NetName=NetJ23_4 Pin=R85-1
Added Pin To Net: NetName=NetJ23_4 Pin=U9-4
Added Net: Name=NetJ23_4
Added Pin To Net: NetName=NetJ24_1 Pin=J24-1
Added Pin To Net: NetName=NetJ24_1 Pin=R86-1
Added Net: Name=NetJ24_1
Added Pin To Net: NetName=NetJ24_2 Pin=J24-2
Added Pin To Net: NetName=NetJ24_2 Pin=U9-1
Added Net: Name=NetJ24_2
Added Pin To Net: NetName=NetJ24_4 Pin=J24-4
Added Pin To Net: NetName=NetJ24_4 Pin=R84-2
Added Pin To Net: NetName=NetJ24_4 Pin=U1-121
Added Net: Name=NetJ24_4
Added Pin To Net: NetName=NetJ25_1 Pin=J25-1
Added Pin To Net: NetName=NetJ25_1 Pin=R89-2
Added Net: Name=NetJ25_1
Added Pin To Net: NetName=NetJ25_2 Pin=J25-2
Added Pin To Net: NetName=NetJ25_2 Pin=U1-66
Added Net: Name=NetJ25_2
Added Pin To Net: NetName=NetJ25_4 Pin=J25-4
Added Pin To Net: NetName=NetJ25_4 Pin=R88-1
Added Pin To Net: NetName=NetJ25_4 Pin=U9-2
Added Net: Name=NetJ25_4
Added Pin To Net: NetName=NetJ26_1 Pin=J26-1
Added Pin To Net: NetName=NetJ26_1 Pin=R95-1
Added Net: Name=NetJ26_1
Added Pin To Net: NetName=NetJ26_2 Pin=J26-2
Added Pin To Net: NetName=NetJ26_2 Pin=U10-1
Added Net: Name=NetJ26_2
Added Pin To Net: NetName=NetJ26_4 Pin=J26-4
Added Pin To Net: NetName=NetJ26_4 Pin=R90-2
Added Pin To Net: NetName=NetJ26_4 Pin=U1-116
Added Net: Name=NetJ26_4
Added Pin To Net: NetName=NetJ27_1 Pin=J27-1
Added Pin To Net: NetName=NetJ27_1 Pin=R91-2
Added Net: Name=NetJ27_1
Added Pin To Net: NetName=NetJ27_2 Pin=J27-2
Added Pin To Net: NetName=NetJ27_2 Pin=U1-67
Added Net: Name=NetJ27_2
Added Pin To Net: NetName=NetJ27_4 Pin=J27-4
Added Pin To Net: NetName=NetJ27_4 Pin=R94-1
Added Pin To Net: NetName=NetJ27_4 Pin=U10-2
Added Net: Name=NetJ27_4
Added Pin To Net: NetName=NetJ28_1 Pin=J28-1
Added Pin To Net: NetName=NetJ28_1 Pin=R92-2
Added Net: Name=NetJ28_1
Added Pin To Net: NetName=NetJ28_2 Pin=J28-2
Added Pin To Net: NetName=NetJ28_2 Pin=U1-115
Added Net: Name=NetJ28_2
Added Pin To Net: NetName=NetJ28_4 Pin=J28-4
Added Pin To Net: NetName=NetJ28_4 Pin=R93-1
Added Pin To Net: NetName=NetJ28_4 Pin=U10-4
Added Net: Name=NetJ28_4
Added Pin To Net: NetName=NetJ29_2 Pin=J29-2
Added Pin To Net: NetName=NetJ29_2 Pin=R97-2
Added Net: Name=NetJ29_2
Added Pin To Net: NetName=NetJ29_3 Pin=J29-3
Added Pin To Net: NetName=NetJ29_3 Pin=R98-1
Added Net: Name=NetJ29_3
Added Pin To Net: NetName=NetJ30_2 Pin=J30-2
Added Pin To Net: NetName=NetJ30_2 Pin=R101-1
Added Net: Name=NetJ30_2
Added Pin To Net: NetName=NetJ30_3 Pin=J30-3
Added Pin To Net: NetName=NetJ30_3 Pin=R102-2
Added Net: Name=NetJ30_3
Added Pin To Net: NetName=NetPower_1 Pin=Power-1
Added Pin To Net: NetName=NetPower_1 Pin=R7-2
Added Net: Name=NetPower_1
Added Pin To Net: NetName=NetQ1_2 Pin=Q1-2
Added Pin To Net: NetName=NetQ1_2 Pin=R41-2
Added Pin To Net: NetName=NetQ1_2 Pin=R42-2
Added Net: Name=NetQ1_2
Added Pin To Net: NetName=NetQ2_2 Pin=Q2-2
Added Pin To Net: NetName=NetQ2_2 Pin=R46-2
Added Pin To Net: NetName=NetQ2_2 Pin=R47-2
Added Net: Name=NetQ2_2
Added Pin To Net: NetName=NetQ3_2 Pin=Q3-2
Added Pin To Net: NetName=NetQ3_2 Pin=R50-2
Added Pin To Net: NetName=NetQ3_2 Pin=R51-2
Added Net: Name=NetQ3_2
Added Pin To Net: NetName=NetQ4_2 Pin=Q4-2
Added Pin To Net: NetName=NetQ4_2 Pin=R54-2
Added Pin To Net: NetName=NetQ4_2 Pin=R55-2
Added Net: Name=NetQ4_2
Added Pin To Net: NetName=NetQ5_2 Pin=Q5-2
Added Pin To Net: NetName=NetQ5_2 Pin=R58-2
Added Pin To Net: NetName=NetQ5_2 Pin=R59-2
Added Net: Name=NetQ5_2
Added Pin To Net: NetName=NetQ6_2 Pin=Q6-2
Added Pin To Net: NetName=NetQ6_2 Pin=R62-2
Added Pin To Net: NetName=NetQ6_2 Pin=R63-2
Added Net: Name=NetQ6_2
Added Pin To Net: NetName=NetQ7_2 Pin=Q7-2
Added Pin To Net: NetName=NetQ7_2 Pin=R66-2
Added Pin To Net: NetName=NetQ7_2 Pin=R67-2
Added Net: Name=NetQ7_2
Added Pin To Net: NetName=NetQ8_2 Pin=Q8-2
Added Pin To Net: NetName=NetQ8_2 Pin=R70-1
Added Pin To Net: NetName=NetQ8_2 Pin=R71-1
Added Net: Name=NetQ8_2
Added Pin To Net: NetName=NetQ9_2 Pin=Q9-2
Added Pin To Net: NetName=NetQ9_2 Pin=R98-2
Added Pin To Net: NetName=NetQ9_2 Pin=R99-2
Added Net: Name=NetQ9_2
Added Pin To Net: NetName=NetQ10_2 Pin=Q10-2
Added Pin To Net: NetName=NetQ10_2 Pin=R102-1
Added Pin To Net: NetName=NetQ10_2 Pin=R103-1
Added Net: Name=NetQ10_2
Added Pin To Net: NetName=NetR5_1 Pin=R5-1
Added Pin To Net: NetName=NetR5_1 Pin=U1-171
Added Net: Name=NetR5_1
Added Pin To Net: NetName=NetR8_1 Pin=R8-1
Added Pin To Net: NetName=NetR8_1 Pin=U1-48
Added Net: Name=NetR8_1
Added Pin To Net: NetName=NetR9_1 Pin=R9-1
Added Pin To Net: NetName=NetR9_1 Pin=U1-6
Added Net: Name=NetR9_1
Added Pin To Net: NetName=NetR44_1 Pin=R44-1
Added Pin To Net: NetName=NetR44_1 Pin=U1-150
Added Net: Name=NetR44_1
Added Pin To Net: NetName=NetR45_1 Pin=R45-1
Added Pin To Net: NetName=NetR45_1 Pin=U1-151
Added Net: Name=NetR45_1
Added Pin To Net: NetName=NetR49_1 Pin=R49-1
Added Pin To Net: NetName=NetR49_1 Pin=U1-96
Added Net: Name=NetR49_1
Added Pin To Net: NetName=NetR53_1 Pin=R53-1
Added Pin To Net: NetName=NetR53_1 Pin=U1-97
Added Net: Name=NetR53_1
Added Pin To Net: NetName=NetR57_1 Pin=R57-1
Added Pin To Net: NetName=NetR57_1 Pin=U1-98
Added Net: Name=NetR57_1
Added Pin To Net: NetName=NetR61_1 Pin=R61-1
Added Pin To Net: NetName=NetR61_1 Pin=U1-99
Added Net: Name=NetR61_1
Added Pin To Net: NetName=NetR65_2 Pin=R65-2
Added Pin To Net: NetName=NetR65_2 Pin=U1-100
Added Net: Name=NetR65_2
Added Pin To Net: NetName=NetR69_1 Pin=R69-1
Added Pin To Net: NetName=NetR69_1 Pin=U1-101
Added Net: Name=NetR69_1
Added Pin To Net: NetName=NetR97_1 Pin=R97-1
Added Pin To Net: NetName=NetR97_1 Pin=U1-104
Added Net: Name=NetR97_1
Added Pin To Net: NetName=NetR101_2 Pin=R101-2
Added Pin To Net: NetName=NetR101_2 Pin=U1-105
Added Net: Name=NetR101_2
Added Pin To Net: NetName=NetU1_92 Pin=U1-92
Added Pin To Net: NetName=NetU1_92 Pin=U4-4
Added Net: Name=NetU1_92
Added Pin To Net: NetName=NetU1_93 Pin=U1-93
Added Pin To Net: NetName=NetU1_93 Pin=U4-1
Added Net: Name=NetU1_93
Added Pin To Net: NetName=NetU1_122 Pin=U1-122
Added Pin To Net: NetName=NetU1_122 Pin=U5-4
Added Net: Name=NetU1_122
Added Pin To Net: NetName=NetU1_123 Pin=U1-123
Added Pin To Net: NetName=NetU1_123 Pin=U5-1
Added Net: Name=NetU1_123
Added Pin To Net: NetName=PC8 Pin=U1-117
Added Net: Name=PC8
Added Pin To Net: NetName=PC9 Pin=U1-118
Added Net: Name=PC9
Added Pin To Net: NetName=PC10 Pin=U1-139
Added Net: Name=PC10
Added Pin To Net: NetName=PC11 Pin=U1-140
Added Net: Name=PC11
Added Pin To Net: NetName=PC12 Pin=U1-141
Added Net: Name=PC12
Added Pin To Net: NetName=PC13 Pin=U1-8
Added Net: Name=PC13
Added Pin To Net: NetName=PGND Pin=12V OUT-1
Added Pin To Net: NetName=PGND Pin=12VOUT-1
Added Pin To Net: NetName=PGND Pin=12VOUT-3
Added Pin To Net: NetName=PGND Pin=12VOUT-5
Added Pin To Net: NetName=PGND Pin=Bumper1-4
Added Pin To Net: NetName=PGND Pin=Bumper2-4
Added Pin To Net: NetName=PGND Pin=C33-1
Added Pin To Net: NetName=PGND Pin=C34-1
Added Pin To Net: NetName=PGND Pin=C37-1
Added Pin To Net: NetName=PGND Pin=C38-1
Added Pin To Net: NetName=PGND Pin=Cap3-2
Added Pin To Net: NetName=PGND Pin=Cap4-2
Added Pin To Net: NetName=PGND Pin=Cap5-2
Added Pin To Net: NetName=PGND Pin=D1-1
Added Pin To Net: NetName=PGND Pin=Encoder1-4
Added Pin To Net: NetName=PGND Pin=Encoder2-4
Added Pin To Net: NetName=PGND Pin=Encoder3-4
Added Pin To Net: NetName=PGND Pin=Encoder4-4
Added Pin To Net: NetName=PGND Pin=HeadLeftLight-4
Added Pin To Net: NetName=PGND Pin=HeadRightLight-4
Added Pin To Net: NetName=PGND Pin=Horn-2
Added Pin To Net: NetName=PGND Pin=J23-3
Added Pin To Net: NetName=PGND Pin=J25-3
Added Pin To Net: NetName=PGND Pin=J27-3
Added Pin To Net: NetName=PGND Pin=J28-3
Added Pin To Net: NetName=PGND Pin=LIN1-2
Added Pin To Net: NetName=PGND Pin=LIN2-2
Added Pin To Net: NetName=PGND Pin=MidLeftLight-2
Added Pin To Net: NetName=PGND Pin=MidRightLight-2
Added Pin To Net: NetName=PGND Pin=PowerIN-2
Added Pin To Net: NetName=PGND Pin=Q1-1
Added Pin To Net: NetName=PGND Pin=Q2-1
Added Pin To Net: NetName=PGND Pin=Q3-1
Added Pin To Net: NetName=PGND Pin=Q4-1
Added Pin To Net: NetName=PGND Pin=Q5-1
Added Pin To Net: NetName=PGND Pin=Q6-1
Added Pin To Net: NetName=PGND Pin=Q7-1
Added Pin To Net: NetName=PGND Pin=Q8-1
Added Pin To Net: NetName=PGND Pin=Q9-1
Added Pin To Net: NetName=PGND Pin=Q10-1
Added Pin To Net: NetName=PGND Pin=R42-1
Added Pin To Net: NetName=PGND Pin=R47-1
Added Pin To Net: NetName=PGND Pin=R51-1
Added Pin To Net: NetName=PGND Pin=R55-1
Added Pin To Net: NetName=PGND Pin=R59-1
Added Pin To Net: NetName=PGND Pin=R63-1
Added Pin To Net: NetName=PGND Pin=R67-1
Added Pin To Net: NetName=PGND Pin=R71-2
Added Pin To Net: NetName=PGND Pin=R99-1
Added Pin To Net: NetName=PGND Pin=R103-2
Added Pin To Net: NetName=PGND Pin=TailLeftLight-5
Added Pin To Net: NetName=PGND Pin=TailRightLight-5
Added Pin To Net: NetName=PGND Pin=U8-0
Added Pin To Net: NetName=PGND Pin=U8-3
Added Pin To Net: NetName=PGND Pin=U8-5
Added Pin To Net: NetName=PGND Pin=U9-5
Added Pin To Net: NetName=PGND Pin=U10-5
Added Pin To Net: NetName=PGND Pin=WarningLight-2
Added Net: Name=PGND
Added Pin To Net: NetName=REARLIGHT Pin=F7-2
Added Pin To Net: NetName=REARLIGHT Pin=TailLeftLight-4
Added Pin To Net: NetName=REARLIGHT Pin=TailRightLight-4
Added Net: Name=REARLIGHT
Added Pin To Net: NetName=RESET Pin=C18-1
Added Pin To Net: NetName=RESET Pin=R1-1
Added Pin To Net: NetName=RESET Pin=RST-1
Added Pin To Net: NetName=RESET Pin=SWD-2
Added Pin To Net: NetName=RESET Pin=U1-31
Added Net: Name=RESET
Added Pin To Net: NetName=RIGHTLIGHT Pin=F4-2
Added Pin To Net: NetName=RIGHTLIGHT Pin=HeadRightLight-3
Added Pin To Net: NetName=RIGHTLIGHT Pin=MidRightLight-1
Added Pin To Net: NetName=RIGHTLIGHT Pin=TailRightLight-1
Added Net: Name=RIGHTLIGHT
Added Pin To Net: NetName=SPI5_MISO_F8 Pin=U1-26
Added Pin To Net: NetName=SPI5_MISO_F8 Pin=U2-2
Added Net: Name=SPI5_MISO_F8
Added Pin To Net: NetName=SPI5_MOSI_F9 Pin=U1-27
Added Pin To Net: NetName=SPI5_MOSI_F9 Pin=U2-5
Added Net: Name=SPI5_MOSI_F9
Added Pin To Net: NetName=SPI5_SCK_F7 Pin=U1-25
Added Pin To Net: NetName=SPI5_SCK_F7 Pin=U2-6
Added Net: Name=SPI5_SCK_F7
Added Pin To Net: NetName=U2_RX_A2 Pin=U1-42
Added Pin To Net: NetName=U2_RX_A2 Pin=U3-12
Added Net: Name=U2_RX_A2
Added Pin To Net: NetName=U2_TX_A3 Pin=U1-47
Added Pin To Net: NetName=U2_TX_A3 Pin=U3-11
Added Net: Name=U2_TX_A3
Added Pin To Net: NetName=WARN Pin=F9-2
Added Pin To Net: NetName=WARN Pin=WarningLight-1
Added Net: Name=WARN
Added Class: Name=Communicate_module
Added Class: Name=Pwoer_module
Added Class: Name=Relay_module
Added Class: Name=Sensor_module
Added Class: Name=STM32F429_minimum_system
Added Room: Name=Communicate_module
Added Room: Name=Pwoer_module
Added Room: Name=Relay_module
Added Room: Name=Sensor_module
Added Room: Name=STM32F429_minimum_system
